
-----
Test: tests/test_1.py::test_site_functionality_check (call)
Start time: 2023-01-24 21:30:24.146400
Start name method: enter_email_and_password

End time: 2023-01-24 21:30:24.553611
End name method: enter_email_and_password
URL: http://u920152e.beget.tech/page1.html?auth_email=1111%40mail.ru&auth_pass=1111&form_auth_submit=

-----

-----
Test: tests/test_1.py::test_site_functionality_check (call)
Start time: 2023-01-24 21:30:24.554410
Start name method: choose_radiobutton_under_18

End time: 2023-01-24 21:30:24.999772
End name method: choose_radiobutton_under_18
URL: http://u920152e.beget.tech/page2.html

-----

-----
Test: tests/test_1.py::test_site_functionality_check (call)
Start time: 2023-01-24 21:30:25.000770
Start name method: check_text_on_page_under_18

End time: 2023-01-24 21:30:27.172920
End name method: check_text_on_page_under_18
URL: http://u920152e.beget.tech/page1.html?auth_email=1111%40mail.ru&auth_pass=1111&form_auth_submit=

-----

-----
Test: tests/test_1.py::test_site_functionality_check (call)
Start time: 2023-01-24 21:30:27.173289
Start name method: choose_radiobutton_from_18_to_24

End time: 2023-01-24 21:30:27.649195
End name method: choose_radiobutton_from_18_to_24
URL: http://u920152e.beget.tech/page7.html

-----

-----
Test: tests/test_1.py::test_site_functionality_check (call)
Start time: 2023-01-24 21:30:27.649195
Start name method: check_text_on_page_from_18_to_24

End time: 2023-01-24 21:30:29.834029
End name method: check_text_on_page_from_18_to_24
URL: http://u920152e.beget.tech/page1.html?auth_email=1111%40mail.ru&auth_pass=1111&form_auth_submit=

-----

-----
Test: tests/test_1.py::test_site_functionality_check (call)
Start time: 2023-01-24 21:30:29.834029
Start name method: choose_radiobutton_from_25_to_34

End time: 2023-01-24 21:30:30.218006
End name method: choose_radiobutton_from_25_to_34
URL: http://u920152e.beget.tech/page7.html

-----

-----
Test: tests/test_1.py::test_site_functionality_check (call)
Start time: 2023-01-24 21:30:30.218006
Start name method: check_text_on_page_from_25_to_34

End time: 2023-01-24 21:30:32.398893
End name method: check_text_on_page_from_25_to_34
URL: http://u920152e.beget.tech/page1.html?auth_email=1111%40mail.ru&auth_pass=1111&form_auth_submit=

-----

-----
Test: tests/test_1.py::test_site_functionality_check (call)
Start time: 2023-01-24 21:30:32.399536
Start name method: choose_radiobutton_more_35

End time: 2023-01-24 21:30:32.789535
End name method: choose_radiobutton_more_35
URL: http://u920152e.beget.tech/page7.html

-----

-----
Test: tests/test_1.py::test_site_functionality_check (call)
Start time: 2023-01-24 21:30:32.790272
Start name method: check_text_on_page_more_35

End time: 2023-01-24 21:30:34.982791
End name method: check_text_on_page_more_35
URL: http://u920152e.beget.tech/page1.html?auth_email=1111%40mail.ru&auth_pass=1111&form_auth_submit=

-----
